[2.166s] DEBUG:colcon:Command line arguments: ['/usr/bin/colcon', 'list', '-p', '--base-paths', '/home/sai/ros2_humble_robot2']
[2.166s] DEBUG:colcon:Parsed command line arguments: Namespace(log_base=None, log_level=None, verb_name='list', build_base='build', ignore_user_meta=False, metas=['./colcon.meta'], base_paths=['/home/sai/ros2_humble_robot2'], packages_ignore=None, packages_ignore_regex=None, paths=None, packages_up_to=None, packages_up_to_regex=None, packages_above=None, packages_above_and_dependencies=None, packages_above_depth=None, packages_select_by_dep=None, packages_skip_by_dep=None, packages_skip_up_to=None, packages_select_build_failed=False, packages_skip_build_finished=False, packages_select_test_failures=False, packages_skip_test_passed=False, packages_select=None, packages_skip=None, packages_select_regex=None, packages_skip_regex=None, packages_start=None, packages_end=None, allow_overriding=[], topological_order=False, names_only=False, paths_only=True, topological_graph=False, topological_graph_dot=False, topological_graph_density=False, topological_graph_legend=False, topological_graph_dot_cluster=False, topological_graph_dot_include_skipped=False, verb_parser=<colcon_defaults.argument_parser.defaults.DefaultArgumentsDecorator object at 0x7fbc9f937610>, verb_extension=<colcon_package_information.verb.list.ListVerb object at 0x7fbc9fa55b10>, main=<bound method ListVerb.main of <colcon_package_information.verb.list.ListVerb object at 0x7fbc9fa55b10>>)
[2.298s] Level 1:colcon.colcon_core.package_discovery:discover_packages(colcon_meta) check parameters
[2.304s] Level 1:colcon.colcon_core.package_discovery:discover_packages(recursive) check parameters
[2.305s] Level 1:colcon.colcon_core.package_discovery:discover_packages(ignore) check parameters
[2.307s] Level 1:colcon.colcon_core.package_discovery:discover_packages(path) check parameters
[2.307s] Level 1:colcon.colcon_core.package_discovery:discover_packages(recursive) discover
[2.323s] INFO:colcon.colcon_core.package_discovery:Crawling recursively for packages in '/home/sai/ros2_humble_robot2'
[2.324s] Level 1:colcon.colcon_core.package_identification:_identify(/home/sai/ros2_humble_robot2) by extensions ['ignore', 'ignore_ament_install']
[2.324s] Level 1:colcon.colcon_core.package_identification:_identify(/home/sai/ros2_humble_robot2) by extension 'ignore'
[2.325s] Level 1:colcon.colcon_core.package_identification:_identify(/home/sai/ros2_humble_robot2) by extension 'ignore_ament_install'
[2.325s] Level 1:colcon.colcon_core.package_identification:_identify(/home/sai/ros2_humble_robot2) by extensions ['colcon_pkg']
[2.325s] Level 1:colcon.colcon_core.package_identification:_identify(/home/sai/ros2_humble_robot2) by extension 'colcon_pkg'
[2.326s] Level 1:colcon.colcon_core.package_identification:_identify(/home/sai/ros2_humble_robot2) by extensions ['colcon_meta']
[2.326s] Level 1:colcon.colcon_core.package_identification:_identify(/home/sai/ros2_humble_robot2) by extension 'colcon_meta'
[2.326s] Level 1:colcon.colcon_core.package_identification:_identify(/home/sai/ros2_humble_robot2) by extensions ['ros']
[2.327s] Level 1:colcon.colcon_core.package_identification:_identify(/home/sai/ros2_humble_robot2) by extension 'ros'
[2.423s] Level 1:colcon.colcon_core.package_identification:_identify(/home/sai/ros2_humble_robot2) by extensions ['cmake', 'python']
[2.423s] Level 1:colcon.colcon_core.package_identification:_identify(/home/sai/ros2_humble_robot2) by extension 'cmake'
[2.423s] Level 1:colcon.colcon_core.package_identification:_identify(/home/sai/ros2_humble_robot2) by extension 'python'
[2.423s] Level 1:colcon.colcon_core.package_identification:_identify(/home/sai/ros2_humble_robot2) by extensions ['python_setup_py']
[2.423s] Level 1:colcon.colcon_core.package_identification:_identify(/home/sai/ros2_humble_robot2) by extension 'python_setup_py'
[2.424s] Level 1:colcon.colcon_core.package_identification:_identify(/home/sai/ros2_humble_robot2/log) by extensions ['ignore', 'ignore_ament_install']
[2.424s] Level 1:colcon.colcon_core.package_identification:_identify(/home/sai/ros2_humble_robot2/log) by extension 'ignore'
[2.424s] Level 1:colcon.colcon_core.package_identification:_identify(/home/sai/ros2_humble_robot2/log) ignored
[2.424s] Level 1:colcon.colcon_core.package_identification:_identify(/home/sai/ros2_humble_robot2/src) by extensions ['ignore', 'ignore_ament_install']
[2.441s] Level 1:colcon.colcon_core.package_identification:_identify(/home/sai/ros2_humble_robot2/src) by extension 'ignore'
[2.441s] Level 1:colcon.colcon_core.package_identification:_identify(/home/sai/ros2_humble_robot2/src) by extension 'ignore_ament_install'
[2.442s] Level 1:colcon.colcon_core.package_identification:_identify(/home/sai/ros2_humble_robot2/src) by extensions ['colcon_pkg']
[2.442s] Level 1:colcon.colcon_core.package_identification:_identify(/home/sai/ros2_humble_robot2/src) by extension 'colcon_pkg'
[2.443s] Level 1:colcon.colcon_core.package_identification:_identify(/home/sai/ros2_humble_robot2/src) by extensions ['colcon_meta']
[2.443s] Level 1:colcon.colcon_core.package_identification:_identify(/home/sai/ros2_humble_robot2/src) by extension 'colcon_meta'
[2.443s] Level 1:colcon.colcon_core.package_identification:_identify(/home/sai/ros2_humble_robot2/src) by extensions ['ros']
[2.443s] Level 1:colcon.colcon_core.package_identification:_identify(/home/sai/ros2_humble_robot2/src) by extension 'ros'
[2.471s] DEBUG:colcon.colcon_core.package_identification:Package '/home/sai/ros2_humble_robot2/src' with type 'ros.ament_cmake' and name 'articubot_one'
[2.484s] Level 1:colcon.colcon_core.package_discovery:discover_packages(recursive) using defaults
