[0.053s] Invoking command in '/home/sai/ros2_humble_robot2/build/ros2_humble_robot2': CMAKE_PREFIX_PATH=${CMAKE_PREFIX_PATH}:/home/sai/ros2_ws/install/my_pkg:/opt/ros/humble /usr/bin/cmake /home/sai/ros2_humble_robot2/src -DAMENT_CMAKE_SYMLINK_INSTALL=1 -DCMAKE_INSTALL_PREFIX=/home/sai/ros2_humble_robot2/install/ros2_humble_robot2
[0.389s] -- The C compiler identification is GNU 11.4.0
[0.562s] -- The CXX compiler identification is GNU 11.4.0
[0.579s] -- Detecting C compiler ABI info
[0.723s] -- Detecting C compiler ABI info - done
[0.742s] -- Check for working C compiler: /usr/bin/cc - skipped
[0.743s] -- Detecting C compile features
[0.749s] -- Detecting C compile features - done
[0.762s] -- Detecting CXX compiler ABI info
[0.918s] -- Detecting CXX compiler ABI info - done
[0.933s] -- Check for working CXX compiler: /usr/bin/c++ - skipped
[0.933s] -- Detecting CXX compile features
[0.934s] -- Detecting CXX compile features - done
[0.952s] -- Found ament_cmake: 1.3.5 (/opt/ros/humble/share/ament_cmake/cmake)
[1.280s] -- Found Python3: /usr/bin/python3.10 (found version "3.10.12") found components: Interpreter 
[1.397s] -- Override CMake install command with custom implementation using symlinks instead of copying resources
[1.492s] -- Found ament_lint_auto: 0.12.7 (/opt/ros/humble/share/ament_lint_auto/cmake)
[1.663s] -- Added test 'copyright' to check source files copyright and LICENSE
[1.669s] -- Added test 'flake8' to check Python code syntax and style conventions
[1.670s] -- Added test 'lint_cmake' to check CMake code style
[1.671s] -- Added test 'pep257' to check Python code against some of the docstring style conventions in PEP 257
[1.674s] -- Added test 'xmllint' to check XML markup files
[1.677s] -- Configuring done
[1.682s] -- Generating done
[1.683s] -- Build files have been written to: /home/sai/ros2_humble_robot2/build/ros2_humble_robot2
[1.691s] Invoked command in '/home/sai/ros2_humble_robot2/build/ros2_humble_robot2' returned '0': CMAKE_PREFIX_PATH=${CMAKE_PREFIX_PATH}:/home/sai/ros2_ws/install/my_pkg:/opt/ros/humble /usr/bin/cmake /home/sai/ros2_humble_robot2/src -DAMENT_CMAKE_SYMLINK_INSTALL=1 -DCMAKE_INSTALL_PREFIX=/home/sai/ros2_humble_robot2/install/ros2_humble_robot2
[1.696s] Invoking command in '/home/sai/ros2_humble_robot2/build/ros2_humble_robot2': CMAKE_PREFIX_PATH=${CMAKE_PREFIX_PATH}:/home/sai/ros2_ws/install/my_pkg:/opt/ros/humble /usr/bin/cmake --build /home/sai/ros2_humble_robot2/build/ros2_humble_robot2 -- -j4 -l4
[1.771s] Invoked command in '/home/sai/ros2_humble_robot2/build/ros2_humble_robot2' returned '0': CMAKE_PREFIX_PATH=${CMAKE_PREFIX_PATH}:/home/sai/ros2_ws/install/my_pkg:/opt/ros/humble /usr/bin/cmake --build /home/sai/ros2_humble_robot2/build/ros2_humble_robot2 -- -j4 -l4
[1.822s] Invoking command in '/home/sai/ros2_humble_robot2/build/ros2_humble_robot2': CMAKE_PREFIX_PATH=${CMAKE_PREFIX_PATH}:/home/sai/ros2_ws/install/my_pkg:/opt/ros/humble /usr/bin/cmake --install /home/sai/ros2_humble_robot2/build/ros2_humble_robot2
[1.835s] -- Install configuration: ""
[1.835s] -- Execute custom install script
[1.842s] -- Symlinking: /home/sai/ros2_humble_robot2/install/ros2_humble_robot2/share/ros2_humble_robot2/config/ball_tracker_params_robot.yaml
[1.864s] -- Symlinking: /home/sai/ros2_humble_robot2/install/ros2_humble_robot2/share/ros2_humble_robot2/config/ball_tracker_params_sim.yaml
[1.877s] -- Symlinking: /home/sai/ros2_humble_robot2/install/ros2_humble_robot2/share/ros2_humble_robot2/config/drive_bot.rviz
[1.891s] -- Symlinking: /home/sai/ros2_humble_robot2/install/ros2_humble_robot2/share/ros2_humble_robot2/config/empty.yaml
[1.905s] -- Symlinking: /home/sai/ros2_humble_robot2/install/ros2_humble_robot2/share/ros2_humble_robot2/config/gaz_ros2_ctl_use_sim.yaml
[1.919s] -- Symlinking: /home/sai/ros2_humble_robot2/install/ros2_humble_robot2/share/ros2_humble_robot2/config/gazebo_params.yaml
[1.934s] -- Symlinking: /home/sai/ros2_humble_robot2/install/ros2_humble_robot2/share/ros2_humble_robot2/config/joystick.yaml
[1.949s] -- Symlinking: /home/sai/ros2_humble_robot2/install/ros2_humble_robot2/share/ros2_humble_robot2/config/main.rviz
[1.963s] -- Symlinking: /home/sai/ros2_humble_robot2/install/ros2_humble_robot2/share/ros2_humble_robot2/config/map.rviz
[1.976s] -- Symlinking: /home/sai/ros2_humble_robot2/install/ros2_humble_robot2/share/ros2_humble_robot2/config/mapper_params_online_async.yaml
[1.988s] -- Symlinking: /home/sai/ros2_humble_robot2/install/ros2_humble_robot2/share/ros2_humble_robot2/config/my_controllers.yaml
[2.001s] -- Symlinking: /home/sai/ros2_humble_robot2/install/ros2_humble_robot2/share/ros2_humble_robot2/config/nav2_params.yaml
[2.015s] -- Symlinking: /home/sai/ros2_humble_robot2/install/ros2_humble_robot2/share/ros2_humble_robot2/config/twist_mux.yaml
[2.028s] -- Symlinking: /home/sai/ros2_humble_robot2/install/ros2_humble_robot2/share/ros2_humble_robot2/config/view_bot.rviz
[2.042s] -- Symlinking: /home/sai/ros2_humble_robot2/install/ros2_humble_robot2/share/ros2_humble_robot2/description/camera.xacro
[2.057s] -- Symlinking: /home/sai/ros2_humble_robot2/install/ros2_humble_robot2/share/ros2_humble_robot2/description/depth_camera.xacro
[2.070s] -- Symlinking: /home/sai/ros2_humble_robot2/install/ros2_humble_robot2/share/ros2_humble_robot2/description/face.xacro
[2.088s] -- Symlinking: /home/sai/ros2_humble_robot2/install/ros2_humble_robot2/share/ros2_humble_robot2/description/gazebo_control.xacro
[2.105s] -- Symlinking: /home/sai/ros2_humble_robot2/install/ros2_humble_robot2/share/ros2_humble_robot2/description/inertial_macros.xacro
[2.123s] -- Symlinking: /home/sai/ros2_humble_robot2/install/ros2_humble_robot2/share/ros2_humble_robot2/description/lidar.xacro
[2.138s] -- Symlinking: /home/sai/ros2_humble_robot2/install/ros2_humble_robot2/share/ros2_humble_robot2/description/robot.urdf.xacro
[2.151s] -- Symlinking: /home/sai/ros2_humble_robot2/install/ros2_humble_robot2/share/ros2_humble_robot2/description/robot_core.xacro
[2.164s] -- Symlinking: /home/sai/ros2_humble_robot2/install/ros2_humble_robot2/share/ros2_humble_robot2/description/ros2_control.xacro
[2.177s] -- Symlinking: /home/sai/ros2_humble_robot2/install/ros2_humble_robot2/share/ros2_humble_robot2/launch/ball_tracker.launch.py
[2.192s] -- Symlinking: /home/sai/ros2_humble_robot2/install/ros2_humble_robot2/share/ros2_humble_robot2/launch/camera.launch.py
[2.207s] -- Symlinking: /home/sai/ros2_humble_robot2/install/ros2_humble_robot2/share/ros2_humble_robot2/launch/joystick.launch.py
[2.225s] -- Symlinking: /home/sai/ros2_humble_robot2/install/ros2_humble_robot2/share/ros2_humble_robot2/launch/launch_robot.launch.py
[2.240s] -- Symlinking: /home/sai/ros2_humble_robot2/install/ros2_humble_robot2/share/ros2_humble_robot2/launch/launch_sim.launch.py
[2.255s] -- Symlinking: /home/sai/ros2_humble_robot2/install/ros2_humble_robot2/share/ros2_humble_robot2/launch/localization_launch.py
[2.270s] -- Symlinking: /home/sai/ros2_humble_robot2/install/ros2_humble_robot2/share/ros2_humble_robot2/launch/navigation_launch.py
[2.285s] -- Symlinking: /home/sai/ros2_humble_robot2/install/ros2_humble_robot2/share/ros2_humble_robot2/launch/online_async_launch.py
[2.300s] -- Symlinking: /home/sai/ros2_humble_robot2/install/ros2_humble_robot2/share/ros2_humble_robot2/launch/rplidar.launch.py
[2.316s] -- Symlinking: /home/sai/ros2_humble_robot2/install/ros2_humble_robot2/share/ros2_humble_robot2/launch/rsp.launch.py
[2.331s] -- Symlinking: /home/sai/ros2_humble_robot2/install/ros2_humble_robot2/share/ros2_humble_robot2/worlds/empty.world
[2.350s] -- Symlinking: /home/sai/ros2_humble_robot2/install/ros2_humble_robot2/share/ros2_humble_robot2/worlds/obstacles.world
[2.369s] -- Symlinking: /home/sai/ros2_humble_robot2/install/ros2_humble_robot2/share/ament_index/resource_index/package_run_dependencies/ros2_humble_robot2
[2.385s] -- Symlinking: /home/sai/ros2_humble_robot2/install/ros2_humble_robot2/share/ament_index/resource_index/parent_prefix_path/ros2_humble_robot2
[2.403s] -- Symlinking: /home/sai/ros2_humble_robot2/install/ros2_humble_robot2/share/ros2_humble_robot2/environment/ament_prefix_path.sh
[2.419s] -- Symlinking: /home/sai/ros2_humble_robot2/install/ros2_humble_robot2/share/ros2_humble_robot2/environment/ament_prefix_path.dsv
[2.434s] -- Symlinking: /home/sai/ros2_humble_robot2/install/ros2_humble_robot2/share/ros2_humble_robot2/environment/path.sh
[2.451s] -- Symlinking: /home/sai/ros2_humble_robot2/install/ros2_humble_robot2/share/ros2_humble_robot2/environment/path.dsv
[2.465s] -- Symlinking: /home/sai/ros2_humble_robot2/install/ros2_humble_robot2/share/ros2_humble_robot2/local_setup.bash
[2.483s] -- Symlinking: /home/sai/ros2_humble_robot2/install/ros2_humble_robot2/share/ros2_humble_robot2/local_setup.sh
[2.500s] -- Symlinking: /home/sai/ros2_humble_robot2/install/ros2_humble_robot2/share/ros2_humble_robot2/local_setup.zsh
[2.513s] -- Symlinking: /home/sai/ros2_humble_robot2/install/ros2_humble_robot2/share/ros2_humble_robot2/local_setup.dsv
[2.527s] -- Symlinking: /home/sai/ros2_humble_robot2/install/ros2_humble_robot2/share/ros2_humble_robot2/package.dsv
[2.545s] -- Symlinking: /home/sai/ros2_humble_robot2/install/ros2_humble_robot2/share/ament_index/resource_index/packages/ros2_humble_robot2
[2.558s] -- Symlinking: /home/sai/ros2_humble_robot2/install/ros2_humble_robot2/share/ros2_humble_robot2/cmake/ros2_humble_robot2Config.cmake
[2.571s] -- Symlinking: /home/sai/ros2_humble_robot2/install/ros2_humble_robot2/share/ros2_humble_robot2/cmake/ros2_humble_robot2Config-version.cmake
[2.584s] -- Symlinking: /home/sai/ros2_humble_robot2/install/ros2_humble_robot2/share/ros2_humble_robot2/package.xml
[2.599s] Invoked command in '/home/sai/ros2_humble_robot2/build/ros2_humble_robot2' returned '0': CMAKE_PREFIX_PATH=${CMAKE_PREFIX_PATH}:/home/sai/ros2_ws/install/my_pkg:/opt/ros/humble /usr/bin/cmake --install /home/sai/ros2_humble_robot2/build/ros2_humble_robot2
